#
# A fatal error has been detected by the Java Runtime Environment:
#
#  Internal Error (ci/ciEnv.hpp:176), pid=4784, tid=10668
#  Error: ShouldNotReachHere()
#
# JRE version: Java(TM) SE Runtime Environment (11.0.1+13) (build 11.0.1+13-LTS)
# Java VM: Java HotSpot(TM) 64-Bit Server VM (11.0.1+13-LTS, mixed mode, tiered, compressed oops, g1 gc, windows-amd64)
# No core dump will be written. Minidumps are not enabled by default on client versions of Windows
#
# If you would like to submit a bug report, please visit:
#   http://bugreport.java.com/bugreport/crash.jsp
#

---------------  S U M M A R Y ------------

Command Line: -javaagent:C:\Program Files\JetBrains\IntelliJ IDEA Community Edition 2018.3.2\lib\idea_rt.jar=56946:C:\Program Files\JetBrains\IntelliJ IDEA Community Edition 2018.3.2\bin -Dfile.encoding=UTF-8 com.training360.cafebabeswebshop.CafebabeswebshopApplication

Host: Intel(R) Core(TM) i5-4200U CPU @ 1.60GHz, 4 cores, 15G,  Windows 10 , 64 bit Build 17134 (10.0.17134.648)
Time: Fri Mar 22 13:16:52 2019 Közép-európai téli ido  elapsed time: 11799 seconds (0d 3h 16m 39s)

---------------  T H R E A D  ---------------

Current thread (0x0000015219070000):  JavaThread "C2 CompilerThread0" daemon [_thread_in_vm, id=10668, stack(0x00000023b0200000,0x00000023b0300000)]


Current CompileTask:
C2:11799011 5553       4       org.apache.juli.logging.DirectJDKLog::isDebugEnabled (11 bytes)

Stack: [0x00000023b0200000,0x00000023b0300000]
Native frames: (J=compiled Java code, j=interpreted, Vv=VM code, C=native code)
V  [jvm.dll+0x63c21a]
V  [jvm.dll+0x7797df]
V  [jvm.dll+0x77adca]
V  [jvm.dll+0x77b437]
V  [jvm.dll+0x26274c]
V  [jvm.dll+0x2626b3]
V  [jvm.dll+0x1b7bdb]
V  [jvm.dll+0x1b4aea]
V  [jvm.dll+0x1b4943]
V  [jvm.dll+0x1cce79]
V  [jvm.dll+0x1d2ab2]
V  [jvm.dll+0x1d0d68]
V  [jvm.dll+0x1d302d]
V  [jvm.dll+0x1d283d]
V  [jvm.dll+0x1d36c6]
V  [jvm.dll+0x1d2a5e]
V  [jvm.dll+0x1bf990]
V  [jvm.dll+0x123640]
V  [jvm.dll+0x2ce59b]
V  [jvm.dll+0x2d0085]
V  [jvm.dll+0x65a838]
V  [jvm.dll+0x651e4b]
V  [jvm.dll+0x651462]
V  [jvm.dll+0x64f087]
V  [jvm.dll+0x19af4c]
V  [jvm.dll+0x21b60b]
V  [jvm.dll+0x198390]
V  [jvm.dll+0x22a97f]
V  [jvm.dll+0x228f98]
V  [jvm.dll+0x73f03d]
V  [jvm.dll+0x63b2b2]
C  [ucrtbase.dll+0x1e3fe]
C  [KERNEL32.DLL+0x13dc4]
C  [ntdll.dll+0x73691]


---------------  P R O C E S S  ---------------

Threads class SMR info:
_java_thread_list=0x000001521ab52dd0, length=30, elements={
0x000001527f77e800, 0x000001527f788000, 0x000001521906d800, 0x000001521906f000,
0x0000015219070000, 0x0000015219074800, 0x0000015219076000, 0x000001521916b000,
0x00000152195ce800, 0x00000152194ac000, 0x000001521a91d000, 0x000001521ca3a800,
0x000001521d4b7800, 0x000001521d621000, 0x000001521c792000, 0x0000015219985800,
0x000001521ac95800, 0x000001521d9d2800, 0x000001521c8c6800, 0x000001521db9f800,
0x000001521dba4000, 0x000001521dba3000, 0x000001521dba4800, 0x000001521dba5800,
0x000001521dba6000, 0x000001521dba0800, 0x000001521dba1800, 0x000001521dba2000,
0x000001521e033000, 0x000001521e031800
}

Java Threads: ( => current thread )
  0x000001527f77e800 JavaThread "Reference Handler" daemon [_thread_blocked, id=9944, stack(0x00000023afe00000,0x00000023aff00000)]
  0x000001527f788000 JavaThread "Finalizer" daemon [_thread_blocked, id=13564, stack(0x00000023aff00000,0x00000023b0000000)]
  0x000001521906d800 JavaThread "Signal Dispatcher" daemon [_thread_blocked, id=13876, stack(0x00000023b0000000,0x00000023b0100000)]
  0x000001521906f000 JavaThread "Attach Listener" daemon [_thread_blocked, id=12672, stack(0x00000023b0100000,0x00000023b0200000)]
=>0x0000015219070000 JavaThread "C2 CompilerThread0" daemon [_thread_in_vm, id=10668, stack(0x00000023b0200000,0x00000023b0300000)]
  0x0000015219074800 JavaThread "C1 CompilerThread0" daemon [_thread_blocked, id=13628, stack(0x00000023b0300000,0x00000023b0400000)]
  0x0000015219076000 JavaThread "Sweeper thread" daemon [_thread_blocked, id=11100, stack(0x00000023b0400000,0x00000023b0500000)]
  0x000001521916b000 JavaThread "Common-Cleaner" daemon [_thread_blocked, id=9812, stack(0x00000023b0500000,0x00000023b0600000)]
  0x00000152195ce800 JavaThread "Monitor Ctrl-Break" daemon [_thread_in_native, id=14240, stack(0x00000023b0700000,0x00000023b0800000)]
  0x00000152194ac000 JavaThread "Service Thread" daemon [_thread_blocked, id=7404, stack(0x00000023b0800000,0x00000023b0900000)]
  0x000001521a91d000 JavaThread "Catalina-utility-1" [_thread_blocked, id=10516, stack(0x00000023b0e00000,0x00000023b0f00000)]
  0x000001521ca3a800 JavaThread "Catalina-utility-2" [_thread_blocked, id=5176, stack(0x00000023b0f00000,0x00000023b1000000)]
  0x000001521d4b7800 JavaThread "container-0" [_thread_blocked, id=1384, stack(0x00000023b1000000,0x00000023b1100000)]
  0x000001521d621000 JavaThread "mysql-cj-abandoned-connection-cleanup" daemon [_thread_blocked, id=13508, stack(0x00000023b1100000,0x00000023b1200000)]
  0x000001521c792000 JavaThread "HikariPool-1 housekeeper" daemon [_thread_blocked, id=11344, stack(0x00000023b1300000,0x00000023b1400000)]
  0x0000015219985800 JavaThread "NioBlockingSelector.BlockPoller-1" daemon [_thread_in_native, id=8328, stack(0x00000023b1400000,0x00000023b1500000)]
  0x000001521ac95800 JavaThread "http-nio-8081-exec-1" daemon [_thread_blocked, id=2700, stack(0x00000023b1500000,0x00000023b1600000)]
  0x000001521d9d2800 JavaThread "http-nio-8081-exec-2" daemon [_thread_blocked, id=10352, stack(0x00000023b1600000,0x00000023b1700000)]
  0x000001521c8c6800 JavaThread "http-nio-8081-exec-3" daemon [_thread_blocked, id=14136, stack(0x00000023b1700000,0x00000023b1800000)]
  0x000001521db9f800 JavaThread "http-nio-8081-exec-4" daemon [_thread_blocked, id=13124, stack(0x00000023b1800000,0x00000023b1900000)]
  0x000001521dba4000 JavaThread "http-nio-8081-exec-5" daemon [_thread_blocked, id=13600, stack(0x00000023b1900000,0x00000023b1a00000)]
  0x000001521dba3000 JavaThread "http-nio-8081-exec-6" daemon [_thread_blocked, id=8708, stack(0x00000023b1a00000,0x00000023b1b00000)]
  0x000001521dba4800 JavaThread "http-nio-8081-exec-7" daemon [_thread_blocked, id=13304, stack(0x00000023b1b00000,0x00000023b1c00000)]
  0x000001521dba5800 JavaThread "http-nio-8081-exec-8" daemon [_thread_blocked, id=10164, stack(0x00000023b1c00000,0x00000023b1d00000)]
  0x000001521dba6000 JavaThread "http-nio-8081-exec-9" daemon [_thread_blocked, id=8008, stack(0x00000023b1d00000,0x00000023b1e00000)]
  0x000001521dba0800 JavaThread "http-nio-8081-exec-10" daemon [_thread_blocked, id=13116, stack(0x00000023b1e00000,0x00000023b1f00000)]
  0x000001521dba1800 JavaThread "http-nio-8081-ClientPoller-0" daemon [_thread_in_native, id=9836, stack(0x00000023b1f00000,0x00000023b2000000)]
  0x000001521dba2000 JavaThread "http-nio-8081-ClientPoller-1" daemon [_thread_in_native, id=11716, stack(0x00000023b2000000,0x00000023b2100000)]
  0x000001521e033000 JavaThread "http-nio-8081-Acceptor-0" daemon [_thread_in_native, id=9456, stack(0x00000023b2100000,0x00000023b2200000)]
  0x000001521e031800 JavaThread "DestroyJavaVM" [_thread_blocked, id=10828, stack(0x00000023af700000,0x00000023af800000)]

Other Threads:
  0x000001527f77a800 VMThread "VM Thread" [stack: 0x00000023afd00000,0x00000023afe00000] [id=11072]
  0x00000152195cf800 WatcherThread [stack: 0x00000023b0900000,0x00000023b0a00000] [id=14160]
  0x000001527576a000 GCTaskThread "GC Thread#0" [stack: 0x00000023af800000,0x00000023af900000] [id=10608]
  0x00000152197b5000 GCTaskThread "GC Thread#1" [stack: 0x00000023b0600000,0x00000023b0700000] [id=1132]
  0x0000015219e06800 GCTaskThread "GC Thread#2" [stack: 0x00000023b0a00000,0x00000023b0b00000] [id=13084]
  0x0000015219e07000 GCTaskThread "GC Thread#3" [stack: 0x00000023b0b00000,0x00000023b0c00000] [id=4056]
  0x00000152757c2800 ConcurrentGCThread "G1 Main Marker" [stack: 0x00000023af900000,0x00000023afa00000] [id=11200]
  0x00000152757c4000 ConcurrentGCThread "G1 Conc#0" [stack: 0x00000023afa00000,0x00000023afb00000] [id=8828]
  0x000001527f663800 ConcurrentGCThread "G1 Refine#0" [stack: 0x00000023afb00000,0x00000023afc00000] [id=7896]
  0x00000152197af800 ConcurrentGCThread "G1 Refine#1" [stack: 0x00000023b0c00000,0x00000023b0d00000] [id=3064]
  0x000001527f664800 ConcurrentGCThread "G1 Young RemSet Sampling" [stack: 0x00000023afc00000,0x00000023afd00000] [id=8148]

Threads with active compile tasks:
C2 CompilerThread05553       4       org.apache.juli.logging.DirectJDKLog::isDebugEnabled (11 bytes)

VM state:not at safepoint (normal execution)

VM Mutex/Monitor currently owned by a thread: None

Heap address: 0x0000000701200000, size: 4078 MB, Compressed Oops mode: Zero based, Oop shift amount: 3
Narrow klass base: 0x0000000800000000, Narrow klass shift: 0
Compressed class space size: 1073741824 Address: 0x0000000800000000

Heap:
 garbage-first heap   total 262144K, used 152484K [0x0000000701200000, 0x0000000800000000)
  region size 1024K, 147 young (150528K), 9 survivors (9216K)
 Metaspace       used 51505K, capacity 52613K, committed 52860K, reserved 1095680K
  class space    used 6042K, capacity 6475K, committed 6528K, reserved 1048576K
Heap Regions: E=young(eden), S=young(survivor), O=old, HS=humongous(starts), HC=humongous(continues), CS=collection set, F=free, A=archive, TAMS=top-at-mark-start (previous, next)
|   0|0x0000000701200000, 0x0000000701300000, 0x0000000701300000|100%| O|  |TAMS 0x0000000701300000, 0x0000000701200000| Untracked 
|   1|0x0000000701300000, 0x0000000701400000, 0x0000000701400000|100%| O|  |TAMS 0x0000000701400000, 0x0000000701300000| Untracked 
|   2|0x0000000701400000, 0x0000000701500000, 0x0000000701500000|100%| O|  |TAMS 0x0000000701500000, 0x0000000701400000| Untracked 
|   3|0x0000000701500000, 0x0000000701600000, 0x0000000701600000|100%| O|  |TAMS 0x0000000701600000, 0x0000000701500000| Untracked 
|   4|0x0000000701600000, 0x0000000701645e00, 0x0000000701700000| 27%| O|  |TAMS 0x0000000701645e00, 0x0000000701600000| Untracked 
|   5|0x0000000701700000, 0x0000000701700000, 0x0000000701800000|  0%| F|  |TAMS 0x0000000701700000, 0x0000000701700000| Untracked 
|   6|0x0000000701800000, 0x0000000701800000, 0x0000000701900000|  0%| F|  |TAMS 0x0000000701800000, 0x0000000701800000| Untracked 
|   7|0x0000000701900000, 0x0000000701900000, 0x0000000701a00000|  0%| F|  |TAMS 0x0000000701900000, 0x0000000701900000| Untracked 
|   8|0x0000000701a00000, 0x0000000701a00000, 0x0000000701b00000|  0%| F|  |TAMS 0x0000000701a00000, 0x0000000701a00000| Untracked 
|   9|0x0000000701b00000, 0x0000000701b00000, 0x0000000701c00000|  0%| F|  |TAMS 0x0000000701b00000, 0x0000000701b00000| Untracked 
|  10|0x0000000701c00000, 0x0000000701c00000, 0x0000000701d00000|  0%| F|  |TAMS 0x0000000701c00000, 0x0000000701c00000| Untracked 
|  11|0x0000000701d00000, 0x0000000701d00000, 0x0000000701e00000|  0%| F|  |TAMS 0x0000000701d00000, 0x0000000701d00000| Untracked 
|  12|0x0000000701e00000, 0x0000000701e00000, 0x0000000701f00000|  0%| F|  |TAMS 0x0000000701e00000, 0x0000000701e00000| Untracked 
|  13|0x0000000701f00000, 0x0000000701f00000, 0x0000000702000000|  0%| F|  |TAMS 0x0000000701f00000, 0x0000000701f00000| Untracked 
|  14|0x0000000702000000, 0x0000000702000000, 0x0000000702100000|  0%| F|  |TAMS 0x0000000702000000, 0x0000000702000000| Untracked 
|  15|0x0000000702100000, 0x0000000702100000, 0x0000000702200000|  0%| F|  |TAMS 0x0000000702100000, 0x0000000702100000| Untracked 
|  16|0x0000000702200000, 0x0000000702200000, 0x0000000702300000|  0%| F|  |TAMS 0x0000000702200000, 0x0000000702200000| Untracked 
|  17|0x0000000702300000, 0x0000000702300000, 0x0000000702400000|  0%| F|  |TAMS 0x0000000702300000, 0x0000000702300000| Untracked 
|  18|0x0000000702400000, 0x0000000702400000, 0x0000000702500000|  0%| F|  |TAMS 0x0000000702400000, 0x0000000702400000| Untracked 
|  19|0x0000000702500000, 0x0000000702500000, 0x0000000702600000|  0%| F|  |TAMS 0x0000000702500000, 0x0000000702500000| Untracked 
|  20|0x0000000702600000, 0x0000000702600000, 0x0000000702700000|  0%| F|  |TAMS 0x0000000702600000, 0x0000000702600000| Untracked 
|  21|0x0000000702700000, 0x0000000702700000, 0x0000000702800000|  0%| F|  |TAMS 0x0000000702700000, 0x0000000702700000| Untracked 
|  22|0x0000000702800000, 0x0000000702800000, 0x0000000702900000|  0%| F|  |TAMS 0x0000000702800000, 0x0000000702800000| Untracked 
|  23|0x0000000702900000, 0x0000000702900000, 0x0000000702a00000|  0%| F|  |TAMS 0x0000000702900000, 0x0000000702900000| Untracked 
|  24|0x0000000702a00000, 0x0000000702a00000, 0x0000000702b00000|  0%| F|  |TAMS 0x0000000702a00000, 0x0000000702a00000| Untracked 
|  25|0x0000000702b00000, 0x0000000702b00000, 0x0000000702c00000|  0%| F|  |TAMS 0x0000000702b00000, 0x0000000702b00000| Untracked 
|  26|0x0000000702c00000, 0x0000000702c00000, 0x0000000702d00000|  0%| F|  |TAMS 0x0000000702c00000, 0x0000000702c00000| Untracked 
|  27|0x0000000702d00000, 0x0000000702d00000, 0x0000000702e00000|  0%| F|  |TAMS 0x0000000702d00000, 0x0000000702d00000| Untracked 
|  28|0x0000000702e00000, 0x0000000702e00000, 0x0000000702f00000|  0%| F|  |TAMS 0x0000000702e00000, 0x0000000702e00000| Untracked 
|  29|0x0000000702f00000, 0x0000000702f00000, 0x0000000703000000|  0%| F|  |TAMS 0x0000000702f00000, 0x0000000702f00000| Untracked 
|  30|0x0000000703000000, 0x0000000703000000, 0x0000000703100000|  0%| F|  |TAMS 0x0000000703000000, 0x0000000703000000| Untracked 
|  31|0x0000000703100000, 0x0000000703100000, 0x0000000703200000|  0%| F|  |TAMS 0x0000000703100000, 0x0000000703100000| Untracked 
|  32|0x0000000703200000, 0x0000000703200000, 0x0000000703300000|  0%| F|  |TAMS 0x0000000703200000, 0x0000000703200000| Untracked 
|  33|0x0000000703300000, 0x0000000703300000, 0x0000000703400000|  0%| F|  |TAMS 0x0000000703300000, 0x0000000703300000| Untracked 
|  34|0x0000000703400000, 0x0000000703400000, 0x0000000703500000|  0%| F|  |TAMS 0x0000000703400000, 0x0000000703400000| Untracked 
|  35|0x0000000703500000, 0x0000000703500000, 0x0000000703600000|  0%| F|  |TAMS 0x0000000703500000, 0x0000000703500000| Untracked 
|  36|0x0000000703600000, 0x0000000703600000, 0x0000000703700000|  0%| F|  |TAMS 0x0000000703600000, 0x0000000703600000| Untracked 
|  37|0x0000000703700000, 0x0000000703700000, 0x0000000703800000|  0%| F|  |TAMS 0x0000000703700000, 0x0000000703700000| Untracked 
|  38|0x0000000703800000, 0x0000000703800000, 0x0000000703900000|  0%| F|  |TAMS 0x0000000703800000, 0x0000000703800000| Untracked 
|  39|0x0000000703900000, 0x0000000703900000, 0x0000000703a00000|  0%| F|  |TAMS 0x0000000703900000, 0x0000000703900000| Untracked 
|  40|0x0000000703a00000, 0x0000000703a00000, 0x0000000703b00000|  0%| F|  |TAMS 0x0000000703a00000, 0x0000000703a00000| Untracked 
|  41|0x0000000703b00000, 0x0000000703b00000, 0x0000000703c00000|  0%| F|  |TAMS 0x0000000703b00000, 0x0000000703b00000| Untracked 
|  42|0x0000000703c00000, 0x0000000703c00000, 0x0000000703d00000|  0%| F|  |TAMS 0x0000000703c00000, 0x0000000703c00000| Untracked 
|  43|0x0000000703d00000, 0x0000000703d00000, 0x0000000703e00000|  0%| F|  |TAMS 0x0000000703d00000, 0x0000000703d00000| Untracked 
|  44|0x0000000703e00000, 0x0000000703e00000, 0x0000000703f00000|  0%| F|  |TAMS 0x0000000703e00000, 0x0000000703e00000| Untracked 
|  45|0x0000000703f00000, 0x0000000703f00000, 0x0000000704000000|  0%| F|  |TAMS 0x0000000703f00000, 0x0000000703f00000| Untracked 
|  46|0x0000000704000000, 0x0000000704000000, 0x0000000704100000|  0%| F|  |TAMS 0x0000000704000000, 0x0000000704000000| Untracked 
|  47|0x0000000704100000, 0x0000000704100000, 0x0000000704200000|  0%| F|  |TAMS 0x0000000704100000, 0x0000000704100000| Untracked 
|  48|0x0000000704200000, 0x0000000704200000, 0x0000000704300000|  0%| F|  |TAMS 0x0000000704200000, 0x0000000704200000| Untracked 
|  49|0x0000000704300000, 0x0000000704300000, 0x0000000704400000|  0%| F|  |TAMS 0x0000000704300000, 0x0000000704300000| Untracked 
|  50|0x0000000704400000, 0x0000000704400000, 0x0000000704500000|  0%| F|  |TAMS 0x0000000704400000, 0x0000000704400000| Untracked 
|  51|0x0000000704500000, 0x0000000704500000, 0x0000000704600000|  0%| F|  |TAMS 0x0000000704500000, 0x0000000704500000| Untracked 
|  52|0x0000000704600000, 0x0000000704600000, 0x0000000704700000|  0%| F|  |TAMS 0x0000000704600000, 0x0000000704600000| Untracked 
|  53|0x0000000704700000, 0x0000000704700000, 0x0000000704800000|  0%| F|  |TAMS 0x0000000704700000, 0x0000000704700000| Untracked 
|  54|0x0000000704800000, 0x0000000704800000, 0x0000000704900000|  0%| F|  |TAMS 0x0000000704800000, 0x0000000704800000| Untracked 
|  55|0x0000000704900000, 0x0000000704900000, 0x0000000704a00000|  0%| F|  |TAMS 0x0000000704900000, 0x0000000704900000| Untracked 
|  56|0x0000000704a00000, 0x0000000704a00000, 0x0000000704b00000|  0%| F|  |TAMS 0x0000000704a00000, 0x0000000704a00000| Untracked 
|  57|0x0000000704b00000, 0x0000000704b00000, 0x0000000704c00000|  0%| F|  |TAMS 0x0000000704b00000, 0x0000000704b00000| Untracked 
|  58|0x0000000704c00000, 0x0000000704c00000, 0x0000000704d00000|  0%| F|  |TAMS 0x0000000704c00000, 0x0000000704c00000| Untracked 
|  59|0x0000000704d00000, 0x0000000704d00000, 0x0000000704e00000|  0%| F|  |TAMS 0x0000000704d00000, 0x0000000704d00000| Untracked 
|  60|0x0000000704e00000, 0x0000000704e00000, 0x0000000704f00000|  0%| F|  |TAMS 0x0000000704e00000, 0x0000000704e00000| Untracked 
|  61|0x0000000704f00000, 0x0000000704f00000, 0x0000000705000000|  0%| F|  |TAMS 0x0000000704f00000, 0x0000000704f00000| Untracked 
|  62|0x0000000705000000, 0x0000000705000000, 0x0000000705100000|  0%| F|  |TAMS 0x0000000705000000, 0x0000000705000000| Untracked 
|  63|0x0000000705100000, 0x0000000705100000, 0x0000000705200000|  0%| F|  |TAMS 0x0000000705100000, 0x0000000705100000| Untracked 
|  64|0x0000000705200000, 0x0000000705200000, 0x0000000705300000|  0%| F|  |TAMS 0x0000000705200000, 0x0000000705200000| Untracked 
|  65|0x0000000705300000, 0x0000000705300000, 0x0000000705400000|  0%| F|  |TAMS 0x0000000705300000, 0x0000000705300000| Untracked 
|  66|0x0000000705400000, 0x0000000705400000, 0x0000000705500000|  0%| F|  |TAMS 0x0000000705400000, 0x0000000705400000| Untracked 
|  67|0x0000000705500000, 0x0000000705500000, 0x0000000705600000|  0%| F|  |TAMS 0x0000000705500000, 0x0000000705500000| Untracked 
|  68|0x0000000705600000, 0x0000000705600000, 0x0000000705700000|  0%| F|  |TAMS 0x0000000705600000, 0x0000000705600000| Untracked 
|  69|0x0000000705700000, 0x0000000705700000, 0x0000000705800000|  0%| F|  |TAMS 0x0000000705700000, 0x0000000705700000| Untracked 
|  70|0x0000000705800000, 0x0000000705800000, 0x0000000705900000|  0%| F|  |TAMS 0x0000000705800000, 0x0000000705800000| Untracked 
|  71|0x0000000705900000, 0x0000000705900000, 0x0000000705a00000|  0%| F|  |TAMS 0x0000000705900000, 0x0000000705900000| Untracked 
|  72|0x0000000705a00000, 0x0000000705a00000, 0x0000000705b00000|  0%| F|  |TAMS 0x0000000705a00000, 0x0000000705a00000| Untracked 
|  73|0x0000000705b00000, 0x0000000705b00000, 0x0000000705c00000|  0%| F|  |TAMS 0x0000000705b00000, 0x0000000705b00000| Untracked 
|  74|0x0000000705c00000, 0x0000000705c00000, 0x0000000705d00000|  0%| F|  |TAMS 0x0000000705c00000, 0x0000000705c00000| Untracked 
|  75|0x0000000705d00000, 0x0000000705d00000, 0x0000000705e00000|  0%| F|  |TAMS 0x0000000705d00000, 0x0000000705d00000| Untracked 
|  76|0x0000000705e00000, 0x0000000705e00000, 0x0000000705f00000|  0%| F|  |TAMS 0x0000000705e00000, 0x0000000705e00000| Untracked 
|  77|0x0000000705f00000, 0x0000000705f00000, 0x0000000706000000|  0%| F|  |TAMS 0x0000000705f00000, 0x0000000705f00000| Untracked 
|  78|0x0000000706000000, 0x0000000706000000, 0x0000000706100000|  0%| F|  |TAMS 0x0000000706000000, 0x0000000706000000| Untracked 
|  79|0x0000000706100000, 0x0000000706100000, 0x0000000706200000|  0%| F|  |TAMS 0x0000000706100000, 0x0000000706100000| Untracked 
|  80|0x0000000706200000, 0x0000000706200000, 0x0000000706300000|  0%| F|  |TAMS 0x0000000706200000, 0x0000000706200000| Untracked 
|  81|0x0000000706300000, 0x0000000706300000, 0x0000000706400000|  0%| F|  |TAMS 0x0000000706300000, 0x0000000706300000| Untracked 
|  82|0x0000000706400000, 0x0000000706400000, 0x0000000706500000|  0%| F|  |TAMS 0x0000000706400000, 0x0000000706400000| Untracked 
|  83|0x0000000706500000, 0x0000000706500000, 0x0000000706600000|  0%| F|  |TAMS 0x0000000706500000, 0x0000000706500000| Untracked 
|  84|0x0000000706600000, 0x0000000706600000, 0x0000000706700000|  0%| F|  |TAMS 0x0000000706600000, 0x0000000706600000| Untracked 
|  85|0x0000000706700000, 0x0000000706700000, 0x0000000706800000|  0%| F|  |TAMS 0x0000000706700000, 0x0000000706700000| Untracked 
|  86|0x0000000706800000, 0x0000000706800000, 0x0000000706900000|  0%| F|  |TAMS 0x0000000706800000, 0x0000000706800000| Untracked 
|  87|0x0000000706900000, 0x0000000706900000, 0x0000000706a00000|  0%| F|  |TAMS 0x0000000706900000, 0x0000000706900000| Untracked 
|  88|0x0000000706a00000, 0x0000000706a00000, 0x0000000706b00000|  0%| F|  |TAMS 0x0000000706a00000, 0x0000000706a00000| Untracked 
|  89|0x0000000706b00000, 0x0000000706b00000, 0x0000000706c00000|  0%| F|  |TAMS 0x0000000706b00000, 0x0000000706b00000| Untracked 
|  90|0x0000000706c00000, 0x0000000706c00000, 0x0000000706d00000|  0%| F|  |TAMS 0x0000000706c00000, 0x0000000706c00000| Untracked 
|  91|0x0000000706d00000, 0x0000000706d00000, 0x0000000706e00000|  0%| F|  |TAMS 0x0000000706d00000, 0x0000000706d00000| Untracked 
|  92|0x0000000706e00000, 0x0000000706e00000, 0x0000000706f00000|  0%| F|  |TAMS 0x0000000706e00000, 0x0000000706e00000| Untracked 
|  93|0x0000000706f00000, 0x0000000706f00000, 0x0000000707000000|  0%| F|  |TAMS 0x0000000706f00000, 0x0000000706f00000| Untracked 
|  94|0x0000000707000000, 0x0000000707000000, 0x0000000707100000|  0%| F|  |TAMS 0x0000000707000000, 0x0000000707000000| Untracked 
|  95|0x0000000707100000, 0x0000000707100000, 0x0000000707200000|  0%| F|  |TAMS 0x0000000707100000, 0x0000000707100000| Untracked 
|  96|0x0000000707200000, 0x0000000707200000, 0x0000000707300000|  0%| F|  |TAMS 0x0000000707200000, 0x0000000707200000| Untracked 
|  97|0x0000000707300000, 0x0000000707300000, 0x0000000707400000|  0%| F|  |TAMS 0x0000000707300000, 0x0000000707300000| Untracked 
|  98|0x0000000707400000, 0x0000000707400000, 0x0000000707500000|  0%| F|  |TAMS 0x0000000707400000, 0x0000000707400000| Untracked 
|  99|0x0000000707500000, 0x0000000707500000, 0x0000000707600000|  0%| F|  |TAMS 0x0000000707500000, 0x0000000707500000| Untracked 
| 100|0x0000000707600000, 0x0000000707600000, 0x0000000707700000|  0%| F|  |TAMS 0x0000000707600000, 0x0000000707600000| Untracked 
| 101|0x0000000707700000, 0x0000000707700000, 0x0000000707800000|  0%| F|  |TAMS 0x0000000707700000, 0x0000000707700000| Untracked 
| 102|0x0000000707800000, 0x0000000707800000, 0x0000000707900000|  0%| F|  |TAMS 0x0000000707800000, 0x0000000707800000| Untracked 
| 103|0x0000000707900000, 0x0000000707900000, 0x0000000707a00000|  0%| F|  |TAMS 0x0000000707900000, 0x0000000707900000| Untracked 
| 104|0x0000000707a00000, 0x0000000707a00000, 0x0000000707b00000|  0%| F|  |TAMS 0x0000000707a00000, 0x0000000707a00000| Untracked 
| 105|0x0000000707b00000, 0x0000000707b00000, 0x0000000707c00000|  0%| F|  |TAMS 0x0000000707b00000, 0x0000000707b00000| Untracked 
| 106|0x0000000707c00000, 0x0000000707c00000, 0x0000000707d00000|  0%| F|  |TAMS 0x0000000707c00000, 0x0000000707c00000| Untracked 
| 107|0x0000000707d00000, 0x0000000707d00000, 0x0000000707e00000|  0%| F|  |TAMS 0x0000000707d00000, 0x0000000707d00000| Untracked 
| 108|0x0000000707e00000, 0x0000000707e00000, 0x0000000707f00000|  0%| F|  |TAMS 0x0000000707e00000, 0x0000000707e00000| Untracked 
| 109|0x0000000707f00000, 0x0000000708000000, 0x0000000708000000|100%| E|  |TAMS 0x0000000707f00000, 0x0000000707f00000| Complete 
| 110|0x0000000708000000, 0x0000000708100000, 0x0000000708100000|100%| E|CS|TAMS 0x0000000708000000, 0x0000000708000000| Complete 
| 111|0x0000000708100000, 0x0000000708200000, 0x0000000708200000|100%| E|CS|TAMS 0x0000000708100000, 0x0000000708100000| Complete 
| 112|0x0000000708200000, 0x0000000708300000, 0x0000000708300000|100%| E|CS|TAMS 0x0000000708200000, 0x0000000708200000| Complete 
| 113|0x0000000708300000, 0x0000000708400000, 0x0000000708400000|100%| E|CS|TAMS 0x0000000708300000, 0x0000000708300000| Complete 
| 114|0x0000000708400000, 0x0000000708500000, 0x0000000708500000|100%| E|CS|TAMS 0x0000000708400000, 0x0000000708400000| Complete 
| 115|0x0000000708500000, 0x0000000708600000, 0x0000000708600000|100%| E|CS|TAMS 0x0000000708500000, 0x0000000708500000| Complete 
| 116|0x0000000708600000, 0x0000000708700000, 0x0000000708700000|100%| E|CS|TAMS 0x0000000708600000, 0x0000000708600000| Complete 
| 117|0x0000000708700000, 0x0000000708800000, 0x0000000708800000|100%| E|CS|TAMS 0x0000000708700000, 0x0000000708700000| Complete 
| 118|0x0000000708800000, 0x0000000708900000, 0x0000000708900000|100%| E|CS|TAMS 0x0000000708800000, 0x0000000708800000| Complete 
| 119|0x0000000708900000, 0x0000000708a00000, 0x0000000708a00000|100%| E|CS|TAMS 0x0000000708900000, 0x0000000708900000| Complete 
| 120|0x0000000708a00000, 0x0000000708b00000, 0x0000000708b00000|100%| E|CS|TAMS 0x0000000708a00000, 0x0000000708a00000| Complete 
| 121|0x0000000708b00000, 0x0000000708c00000, 0x0000000708c00000|100%| E|CS|TAMS 0x0000000708b00000, 0x0000000708b00000| Complete 
| 122|0x0000000708c00000, 0x0000000708d00000, 0x0000000708d00000|100%| E|CS|TAMS 0x0000000708c00000, 0x0000000708c00000| Complete 
| 123|0x0000000708d00000, 0x0000000708e00000, 0x0000000708e00000|100%| E|CS|TAMS 0x0000000708d00000, 0x0000000708d00000| Complete 
| 124|0x0000000708e00000, 0x0000000708f00000, 0x0000000708f00000|100%| E|CS|TAMS 0x0000000708e00000, 0x0000000708e00000| Complete 
| 125|0x0000000708f00000, 0x0000000709000000, 0x0000000709000000|100%| E|CS|TAMS 0x0000000708f00000, 0x0000000708f00000| Complete 
| 126|0x0000000709000000, 0x0000000709100000, 0x0000000709100000|100%| E|CS|TAMS 0x0000000709000000, 0x0000000709000000| Complete 
| 127|0x0000000709100000, 0x0000000709200000, 0x0000000709200000|100%| E|CS|TAMS 0x0000000709100000, 0x0000000709100000| Complete 
| 128|0x0000000709200000, 0x0000000709300000, 0x0000000709300000|100%| E|CS|TAMS 0x0000000709200000, 0x0000000709200000| Complete 
| 129|0x0000000709300000, 0x0000000709400000, 0x0000000709400000|100%| E|CS|TAMS 0x0000000709300000, 0x0000000709300000| Complete 
| 130|0x0000000709400000, 0x0000000709500000, 0x0000000709500000|100%| E|CS|TAMS 0x0000000709400000, 0x0000000709400000| Complete 
| 131|0x0000000709500000, 0x0000000709600000, 0x0000000709600000|100%| E|CS|TAMS 0x0000000709500000, 0x0000000709500000| Complete 
| 132|0x0000000709600000, 0x0000000709700000, 0x0000000709700000|100%| E|CS|TAMS 0x0000000709600000, 0x0000000709600000| Complete 
| 133|0x0000000709700000, 0x0000000709800000, 0x0000000709800000|100%| E|CS|TAMS 0x0000000709700000, 0x0000000709700000| Complete 
| 134|0x0000000709800000, 0x0000000709900000, 0x0000000709900000|100%| E|CS|TAMS 0x0000000709800000, 0x0000000709800000| Complete 
| 135|0x0000000709900000, 0x0000000709a00000, 0x0000000709a00000|100%| E|CS|TAMS 0x0000000709900000, 0x0000000709900000| Complete 
| 136|0x0000000709a00000, 0x0000000709b00000, 0x0000000709b00000|100%| E|CS|TAMS 0x0000000709a00000, 0x0000000709a00000| Complete 
| 137|0x0000000709b00000, 0x0000000709c00000, 0x0000000709c00000|100%| E|CS|TAMS 0x0000000709b00000, 0x0000000709b00000| Complete 
| 138|0x0000000709c00000, 0x0000000709d00000, 0x0000000709d00000|100%| E|CS|TAMS 0x0000000709c00000, 0x0000000709c00000| Complete 
| 139|0x0000000709d00000, 0x0000000709e00000, 0x0000000709e00000|100%| E|CS|TAMS 0x0000000709d00000, 0x0000000709d00000| Complete 
| 140|0x0000000709e00000, 0x0000000709f00000, 0x0000000709f00000|100%| E|CS|TAMS 0x0000000709e00000, 0x0000000709e00000| Complete 
| 141|0x0000000709f00000, 0x000000070a000000, 0x000000070a000000|100%| E|CS|TAMS 0x0000000709f00000, 0x0000000709f00000| Complete 
| 142|0x000000070a000000, 0x000000070a100000, 0x000000070a100000|100%| E|CS|TAMS 0x000000070a000000, 0x000000070a000000| Complete 
| 143|0x000000070a100000, 0x000000070a200000, 0x000000070a200000|100%| E|CS|TAMS 0x000000070a100000, 0x000000070a100000| Complete 
| 144|0x000000070a200000, 0x000000070a300000, 0x000000070a300000|100%| E|CS|TAMS 0x000000070a200000, 0x000000070a200000| Complete 
| 145|0x000000070a300000, 0x000000070a400000, 0x000000070a400000|100%| E|CS|TAMS 0x000000070a300000, 0x000000070a300000| Complete 
| 146|0x000000070a400000, 0x000000070a500000, 0x000000070a500000|100%| E|CS|TAMS 0x000000070a400000, 0x000000070a400000| Complete 
| 147|0x000000070a500000, 0x000000070a600000, 0x000000070a600000|100%| E|CS|TAMS 0x000000070a500000, 0x000000070a500000| Complete 
| 148|0x000000070a600000, 0x000000070a700000, 0x000000070a700000|100%| E|CS|TAMS 0x000000070a600000, 0x000000070a600000| Complete 
| 149|0x000000070a700000, 0x000000070a800000, 0x000000070a800000|100%| E|CS|TAMS 0x000000070a700000, 0x000000070a700000| Complete 
| 150|0x000000070a800000, 0x000000070a900000, 0x000000070a900000|100%| E|CS|TAMS 0x000000070a800000, 0x000000070a800000| Complete 
| 151|0x000000070a900000, 0x000000070aa00000, 0x000000070aa00000|100%| E|CS|TAMS 0x000000070a900000, 0x000000070a900000| Complete 
| 152|0x000000070aa00000, 0x000000070ab00000, 0x000000070ab00000|100%| E|CS|TAMS 0x000000070aa00000, 0x000000070aa00000| Complete 
| 153|0x000000070ab00000, 0x000000070ac00000, 0x000000070ac00000|100%| E|CS|TAMS 0x000000070ab00000, 0x000000070ab00000| Complete 
| 154|0x000000070ac00000, 0x000000070ad00000, 0x000000070ad00000|100%| E|CS|TAMS 0x000000070ac00000, 0x000000070ac00000| Complete 
| 155|0x000000070ad00000, 0x000000070ae00000, 0x000000070ae00000|100%| E|CS|TAMS 0x000000070ad00000, 0x000000070ad00000| Complete 
| 156|0x000000070ae00000, 0x000000070af00000, 0x000000070af00000|100%| E|CS|TAMS 0x000000070ae00000, 0x000000070ae00000| Complete 
| 157|0x000000070af00000, 0x000000070b000000, 0x000000070b000000|100%| E|CS|TAMS 0x000000070af00000, 0x000000070af00000| Complete 
| 158|0x000000070b000000, 0x000000070b100000, 0x000000070b100000|100%| E|CS|TAMS 0x000000070b000000, 0x000000070b000000| Complete 
| 159|0x000000070b100000, 0x000000070b200000, 0x000000070b200000|100%| E|CS|TAMS 0x000000070b100000, 0x000000070b100000| Complete 
| 160|0x000000070b200000, 0x000000070b300000, 0x000000070b300000|100%| E|CS|TAMS 0x000000070b200000, 0x000000070b200000| Complete 
| 161|0x000000070b300000, 0x000000070b400000, 0x000000070b400000|100%| E|CS|TAMS 0x000000070b300000, 0x000000070b300000| Complete 
| 162|0x000000070b400000, 0x000000070b500000, 0x000000070b500000|100%| E|CS|TAMS 0x000000070b400000, 0x000000070b400000| Complete 
| 163|0x000000070b500000, 0x000000070b600000, 0x000000070b600000|100%| E|CS|TAMS 0x000000070b500000, 0x000000070b500000| Complete 
| 164|0x000000070b600000, 0x000000070b700000, 0x000000070b700000|100%| E|CS|TAMS 0x000000070b600000, 0x000000070b600000| Complete 
| 165|0x000000070b700000, 0x000000070b800000, 0x000000070b800000|100%| E|CS|TAMS 0x000000070b700000, 0x000000070b700000| Complete 
| 166|0x000000070b800000, 0x000000070b900000, 0x000000070b900000|100%| E|CS|TAMS 0x000000070b800000, 0x000000070b800000| Complete 
| 167|0x000000070b900000, 0x000000070ba00000, 0x000000070ba00000|100%| E|CS|TAMS 0x000000070b900000, 0x000000070b900000| Complete 
| 168|0x000000070ba00000, 0x000000070bb00000, 0x000000070bb00000|100%| E|CS|TAMS 0x000000070ba00000, 0x000000070ba00000| Complete 
| 169|0x000000070bb00000, 0x000000070bc00000, 0x000000070bc00000|100%| E|CS|TAMS 0x000000070bb00000, 0x000000070bb00000| Complete 
| 170|0x000000070bc00000, 0x000000070bd00000, 0x000000070bd00000|100%| E|CS|TAMS 0x000000070bc00000, 0x000000070bc00000| Complete 
| 171|0x000000070bd00000, 0x000000070be00000, 0x000000070be00000|100%| E|CS|TAMS 0x000000070bd00000, 0x000000070bd00000| Complete 
| 172|0x000000070be00000, 0x000000070bf00000, 0x000000070bf00000|100%| E|CS|TAMS 0x000000070be00000, 0x000000070be00000| Complete 
| 173|0x000000070bf00000, 0x000000070c000000, 0x000000070c000000|100%| E|CS|TAMS 0x000000070bf00000, 0x000000070bf00000| Complete 
| 174|0x000000070c000000, 0x000000070c100000, 0x000000070c100000|100%| E|CS|TAMS 0x000000070c000000, 0x000000070c000000| Complete 
| 175|0x000000070c100000, 0x000000070c200000, 0x000000070c200000|100%| E|CS|TAMS 0x000000070c100000, 0x000000070c100000| Complete 
| 176|0x000000070c200000, 0x000000070c300000, 0x000000070c300000|100%| E|CS|TAMS 0x000000070c200000, 0x000000070c200000| Complete 
| 177|0x000000070c300000, 0x000000070c400000, 0x000000070c400000|100%| E|CS|TAMS 0x000000070c300000, 0x000000070c300000| Complete 
| 178|0x000000070c400000, 0x000000070c500000, 0x000000070c500000|100%| E|CS|TAMS 0x000000070c400000, 0x000000070c400000| Complete 
| 179|0x000000070c500000, 0x000000070c600000, 0x000000070c600000|100%| E|CS|TAMS 0x000000070c500000, 0x000000070c500000| Complete 
| 180|0x000000070c600000, 0x000000070c700000, 0x000000070c700000|100%| E|CS|TAMS 0x000000070c600000, 0x000000070c600000| Complete 
| 181|0x000000070c700000, 0x000000070c800000, 0x000000070c800000|100%| E|CS|TAMS 0x000000070c700000, 0x000000070c700000| Complete 
| 182|0x000000070c800000, 0x000000070c900000, 0x000000070c900000|100%| E|CS|TAMS 0x000000070c800000, 0x000000070c800000| Complete 
| 183|0x000000070c900000, 0x000000070ca00000, 0x000000070ca00000|100%| E|CS|TAMS 0x000000070c900000, 0x000000070c900000| Complete 
| 184|0x000000070ca00000, 0x000000070cb00000, 0x000000070cb00000|100%| E|CS|TAMS 0x000000070ca00000, 0x000000070ca00000| Complete 
| 185|0x000000070cb00000, 0x000000070cc00000, 0x000000070cc00000|100%| E|CS|TAMS 0x000000070cb00000, 0x000000070cb00000| Complete 
| 186|0x000000070cc00000, 0x000000070cd00000, 0x000000070cd00000|100%| E|CS|TAMS 0x000000070cc00000, 0x000000070cc00000| Complete 
| 187|0x000000070cd00000, 0x000000070ce00000, 0x000000070ce00000|100%| E|CS|TAMS 0x000000070cd00000, 0x000000070cd00000| Complete 
| 188|0x000000070ce00000, 0x000000070cf00000, 0x000000070cf00000|100%| E|CS|TAMS 0x000000070ce00000, 0x000000070ce00000| Complete 
| 189|0x000000070cf00000, 0x000000070d000000, 0x000000070d000000|100%| E|CS|TAMS 0x000000070cf00000, 0x000000070cf00000| Complete 
| 190|0x000000070d000000, 0x000000070d100000, 0x000000070d100000|100%| E|CS|TAMS 0x000000070d000000, 0x000000070d000000| Complete 
| 191|0x000000070d100000, 0x000000070d200000, 0x000000070d200000|100%| E|CS|TAMS 0x000000070d100000, 0x000000070d100000| Complete 
| 192|0x000000070d200000, 0x000000070d300000, 0x000000070d300000|100%| E|CS|TAMS 0x000000070d200000, 0x000000070d200000| Complete 
| 193|0x000000070d300000, 0x000000070d3a35a8, 0x000000070d400000| 63%| S|CS|TAMS 0x000000070d300000, 0x000000070d300000| Complete 
| 194|0x000000070d400000, 0x000000070d500000, 0x000000070d500000|100%| S|CS|TAMS 0x000000070d400000, 0x000000070d400000| Complete 
| 195|0x000000070d500000, 0x000000070d600000, 0x000000070d600000|100%| S|CS|TAMS 0x000000070d500000, 0x000000070d500000| Complete 
| 196|0x000000070d600000, 0x000000070d700000, 0x000000070d700000|100%| S|CS|TAMS 0x000000070d600000, 0x000000070d600000| Complete 
| 197|0x000000070d700000, 0x000000070d800000, 0x000000070d800000|100%| S|CS|TAMS 0x000000070d700000, 0x000000070d700000| Complete 
| 198|0x000000070d800000, 0x000000070d900000, 0x000000070d900000|100%| S|CS|TAMS 0x000000070d800000, 0x000000070d800000| Complete 
| 199|0x000000070d900000, 0x000000070da00000, 0x000000070da00000|100%| S|CS|TAMS 0x000000070d900000, 0x000000070d900000| Complete 
| 200|0x000000070da00000, 0x000000070db00000, 0x000000070db00000|100%| E|CS|TAMS 0x000000070da00000, 0x000000070da00000| Complete 
| 201|0x000000070db00000, 0x000000070dc00000, 0x000000070dc00000|100%| E|CS|TAMS 0x000000070db00000, 0x000000070db00000| Complete 
| 202|0x000000070dc00000, 0x000000070dd00000, 0x000000070dd00000|100%| E|CS|TAMS 0x000000070dc00000, 0x000000070dc00000| Complete 
| 203|0x000000070dd00000, 0x000000070de00000, 0x000000070de00000|100%| E|CS|TAMS 0x000000070dd00000, 0x000000070dd00000| Complete 
| 204|0x000000070de00000, 0x000000070df00000, 0x000000070df00000|100%| E|CS|TAMS 0x000000070de00000, 0x000000070de00000| Complete 
| 205|0x000000070df00000, 0x000000070e000000, 0x000000070e000000|100%| E|CS|TAMS 0x000000070df00000, 0x000000070df00000| Complete 
| 206|0x000000070e000000, 0x000000070e100000, 0x000000070e100000|100%| S|CS|TAMS 0x000000070e000000, 0x000000070e000000| Complete 
| 207|0x000000070e100000, 0x000000070e200000, 0x000000070e200000|100%| S|CS|TAMS 0x000000070e100000, 0x000000070e100000| Complete 
| 208|0x000000070e200000, 0x000000070e300000, 0x000000070e300000|100%| E|CS|TAMS 0x000000070e200000, 0x000000070e200000| Complete 
| 209|0x000000070e300000, 0x000000070e400000, 0x000000070e400000|100%| E|CS|TAMS 0x000000070e300000, 0x000000070e300000| Complete 
| 210|0x000000070e400000, 0x000000070e500000, 0x000000070e500000|100%| E|CS|TAMS 0x000000070e400000, 0x000000070e400000| Complete 
| 211|0x000000070e500000, 0x000000070e600000, 0x000000070e600000|100%| E|CS|TAMS 0x000000070e500000, 0x000000070e500000| Complete 
| 212|0x000000070e600000, 0x000000070e700000, 0x000000070e700000|100%| E|CS|TAMS 0x000000070e600000, 0x000000070e600000| Complete 
| 213|0x000000070e700000, 0x000000070e800000, 0x000000070e800000|100%| E|CS|TAMS 0x000000070e700000, 0x000000070e700000| Complete 
| 214|0x000000070e800000, 0x000000070e900000, 0x000000070e900000|100%| E|CS|TAMS 0x000000070e800000, 0x000000070e800000| Complete 
| 215|0x000000070e900000, 0x000000070ea00000, 0x000000070ea00000|100%| E|CS|TAMS 0x000000070e900000, 0x000000070e900000| Complete 
| 216|0x000000070ea00000, 0x000000070eb00000, 0x000000070eb00000|100%| E|CS|TAMS 0x000000070ea00000, 0x000000070ea00000| Complete 
| 217|0x000000070eb00000, 0x000000070ec00000, 0x000000070ec00000|100%| E|CS|TAMS 0x000000070eb00000, 0x000000070eb00000| Complete 
| 218|0x000000070ec00000, 0x000000070ed00000, 0x000000070ed00000|100%| E|CS|TAMS 0x000000070ec00000, 0x000000070ec00000| Complete 
| 219|0x000000070ed00000, 0x000000070ee00000, 0x000000070ee00000|100%| E|CS|TAMS 0x000000070ed00000, 0x000000070ed00000| Complete 
| 220|0x000000070ee00000, 0x000000070ef00000, 0x000000070ef00000|100%| E|CS|TAMS 0x000000070ee00000, 0x000000070ee00000| Complete 
| 221|0x000000070ef00000, 0x000000070f000000, 0x000000070f000000|100%| E|CS|TAMS 0x000000070ef00000, 0x000000070ef00000| Complete 
| 222|0x000000070f000000, 0x000000070f100000, 0x000000070f100000|100%| E|CS|TAMS 0x000000070f000000, 0x000000070f000000| Complete 
| 223|0x000000070f100000, 0x000000070f200000, 0x000000070f200000|100%| E|CS|TAMS 0x000000070f100000, 0x000000070f100000| Complete 
| 224|0x000000070f200000, 0x000000070f300000, 0x000000070f300000|100%| E|CS|TAMS 0x000000070f200000, 0x000000070f200000| Complete 
| 225|0x000000070f300000, 0x000000070f400000, 0x000000070f400000|100%| E|CS|TAMS 0x000000070f300000, 0x000000070f300000| Complete 
| 226|0x000000070f400000, 0x000000070f500000, 0x000000070f500000|100%| E|CS|TAMS 0x000000070f400000, 0x000000070f400000| Complete 
| 227|0x000000070f500000, 0x000000070f600000, 0x000000070f600000|100%| E|CS|TAMS 0x000000070f500000, 0x000000070f500000| Complete 
| 228|0x000000070f600000, 0x000000070f700000, 0x000000070f700000|100%| E|CS|TAMS 0x000000070f600000, 0x000000070f600000| Complete 
| 229|0x000000070f700000, 0x000000070f800000, 0x000000070f800000|100%| E|CS|TAMS 0x000000070f700000, 0x000000070f700000| Complete 
| 230|0x000000070f800000, 0x000000070f900000, 0x000000070f900000|100%| E|CS|TAMS 0x000000070f800000, 0x000000070f800000| Complete 
| 231|0x000000070f900000, 0x000000070fa00000, 0x000000070fa00000|100%| E|CS|TAMS 0x000000070f900000, 0x000000070f900000| Complete 
| 232|0x000000070fa00000, 0x000000070fb00000, 0x000000070fb00000|100%| E|CS|TAMS 0x000000070fa00000, 0x000000070fa00000| Complete 
| 233|0x000000070fb00000, 0x000000070fc00000, 0x000000070fc00000|100%| E|CS|TAMS 0x000000070fb00000, 0x000000070fb00000| Complete 
| 234|0x000000070fc00000, 0x000000070fd00000, 0x000000070fd00000|100%| E|CS|TAMS 0x000000070fc00000, 0x000000070fc00000| Complete 
| 235|0x000000070fd00000, 0x000000070fe00000, 0x000000070fe00000|100%| E|CS|TAMS 0x000000070fd00000, 0x000000070fd00000| Complete 
| 236|0x000000070fe00000, 0x000000070ff00000, 0x000000070ff00000|100%| E|CS|TAMS 0x000000070fe00000, 0x000000070fe00000| Complete 
| 237|0x000000070ff00000, 0x0000000710000000, 0x0000000710000000|100%| E|CS|TAMS 0x000000070ff00000, 0x000000070ff00000| Complete 
| 238|0x0000000710000000, 0x0000000710100000, 0x0000000710100000|100%| E|CS|TAMS 0x0000000710000000, 0x0000000710000000| Complete 
| 239|0x0000000710100000, 0x0000000710200000, 0x0000000710200000|100%| E|CS|TAMS 0x0000000710100000, 0x0000000710100000| Complete 
| 240|0x0000000710200000, 0x0000000710300000, 0x0000000710300000|100%| E|CS|TAMS 0x0000000710200000, 0x0000000710200000| Complete 
| 241|0x0000000710300000, 0x0000000710400000, 0x0000000710400000|100%| E|CS|TAMS 0x0000000710300000, 0x0000000710300000| Complete 
| 242|0x0000000710400000, 0x0000000710500000, 0x0000000710500000|100%| E|CS|TAMS 0x0000000710400000, 0x0000000710400000| Complete 
| 243|0x0000000710500000, 0x0000000710600000, 0x0000000710600000|100%| E|CS|TAMS 0x0000000710500000, 0x0000000710500000| Complete 
| 244|0x0000000710600000, 0x0000000710700000, 0x0000000710700000|100%| E|CS|TAMS 0x0000000710600000, 0x0000000710600000| Complete 
| 245|0x0000000710700000, 0x0000000710800000, 0x0000000710800000|100%| E|  |TAMS 0x0000000710700000, 0x0000000710700000| Complete 
| 246|0x0000000710800000, 0x0000000710900000, 0x0000000710900000|100%| E|CS|TAMS 0x0000000710800000, 0x0000000710800000| Complete 
| 247|0x0000000710900000, 0x0000000710a00000, 0x0000000710a00000|100%| E|CS|TAMS 0x0000000710900000, 0x0000000710900000| Complete 
| 248|0x0000000710a00000, 0x0000000710b00000, 0x0000000710b00000|100%| E|CS|TAMS 0x0000000710a00000, 0x0000000710a00000| Complete 
| 249|0x0000000710b00000, 0x0000000710c00000, 0x0000000710c00000|100%| E|CS|TAMS 0x0000000710b00000, 0x0000000710b00000| Complete 
| 250|0x0000000710c00000, 0x0000000710d00000, 0x0000000710d00000|100%| E|CS|TAMS 0x0000000710c00000, 0x0000000710c00000| Complete 
| 251|0x0000000710d00000, 0x0000000710e00000, 0x0000000710e00000|100%| E|CS|TAMS 0x0000000710d00000, 0x0000000710d00000| Complete 
| 252|0x0000000710e00000, 0x0000000710f00000, 0x0000000710f00000|100%| E|CS|TAMS 0x0000000710e00000, 0x0000000710e00000| Complete 
| 253|0x0000000710f00000, 0x0000000711000000, 0x0000000711000000|100%| E|CS|TAMS 0x0000000710f00000, 0x0000000710f00000| Complete 
| 254|0x0000000711000000, 0x0000000711100000, 0x0000000711100000|100%| E|CS|TAMS 0x0000000711000000, 0x0000000711000000| Complete 
| 255|0x0000000711100000, 0x0000000711200000, 0x0000000711200000|100%| E|CS|TAMS 0x0000000711100000, 0x0000000711100000| Complete 

Card table byte_map: [0x000001527e270000,0x000001527ea70000] _byte_map_base: 0x000001527aa67000

Marking Bits (Prev, Next): (CMBitMap*) 0x00000152757b1fe8, (CMBitMap*) 0x00000152757b2020
 Prev Bits: [0x000001520f000000, 0x0000015212fb8000)
 Next Bits: [0x0000015212fc0000, 0x0000015216f78000)

Polling page: 0x0000015273650000

Metaspace:

Usage:
  Non-class:     45.06 MB capacity,    44.40 MB ( 99%) used,   531.03 KB (  1%) free+waste,   144.63 KB ( <1%) overhead. 
      Class:      6.32 MB capacity,     5.90 MB ( 93%) used,   366.03 KB (  6%) free+waste,    66.13 KB (  1%) overhead. 
       Both:     51.38 MB capacity,    50.30 MB ( 98%) used,   897.06 KB (  2%) free+waste,   210.75 KB ( <1%) overhead. 

Virtual space:
  Non-class space:       46.00 MB reserved,      45.25 MB ( 98%) committed 
      Class space:        1.00 GB reserved,       6.38 MB ( <1%) committed 
             Both:        1.04 GB reserved,      51.62 MB (  5%) committed 

Chunk freelists:
   Non-Class:  256 bytes
       Class:  0 bytes
        Both:  256 bytes

CodeHeap 'non-profiled nmethods': size=120064Kb used=2670Kb max_used=3097Kb free=117394Kb
 bounds [0x0000015207ac0000, 0x0000015207dd0000, 0x000001520f000000]
CodeHeap 'profiled nmethods': size=120000Kb used=10688Kb max_used=12758Kb free=109311Kb
 bounds [0x0000015200590000, 0x0000015201210000, 0x0000015207ac0000]
CodeHeap 'non-nmethods': size=5696Kb used=1205Kb max_used=1245Kb free=4490Kb
 bounds [0x0000015200000000, 0x0000015200270000, 0x0000015200590000]
 total_blobs=7445 nmethods=4642 adapters=457
 compilation: enabled
              stopped_count=0, restarted_count=0
 full_count=0

Compilation events (10 events):
Event: 10398.807 Thread 0x0000015219070000 nmethod 5548 0x0000015207c0e590 code [0x0000015207c0e740, 0x0000015207c0eb38]
Event: 10421.046 Thread 0x0000015219070000 5549       4       java.lang.ref.ReferenceQueue::reallyPoll (65 bytes)
Event: 10421.056 Thread 0x0000015219070000 nmethod 5549 0x0000015207c38b10 code [0x0000015207c38cc0, 0x0000015207c39028]
Event: 11237.937 Thread 0x0000015219074800 5550       3       org.apache.coyote.AbstractProtocol::isPaused (8 bytes)
Event: 11237.938 Thread 0x0000015219074800 nmethod 5550 0x00000152006fda90 code [0x00000152006fdc40, 0x00000152006fde58]
Event: 11628.920 Thread 0x0000015219070000 5551       4       java.util.HashMap$Values::iterator (12 bytes)
Event: 11628.925 Thread 0x0000015219070000 nmethod 5551 0x0000015207c43990 code [0x0000015207c43b40, 0x0000015207c43e18]
Event: 11651.754 Thread 0x0000015219070000 5552       4       java.lang.ClassLoader::getResource (41 bytes)
Event: 11651.762 Thread 0x0000015219070000 nmethod 5552 0x0000015207c4a810 code [0x0000015207c4aa00, 0x0000015207c4ac30]
Event: 11798.971 Thread 0x0000015219070000 5553       4       org.apache.juli.logging.DirectJDKLog::isDebugEnabled (11 bytes)

GC Heap History (10 events):
Event: 2.702 GC heap before
{Heap before GC invocations=1 (full 0):
 garbage-first heap   total 262144K, used 13527K [0x0000000701200000, 0x0000000800000000)
  region size 1024K, 12 young (12288K), 2 survivors (2048K)
 Metaspace       used 14321K, capacity 14571K, committed 14848K, reserved 1062912K
  class space    used 1413K, capacity 1500K, committed 1536K, reserved 1048576K
}
Event: 2.707 GC heap after
{Heap after GC invocations=2 (full 0):
 garbage-first heap   total 262144K, used 5318K [0x0000000701200000, 0x0000000800000000)
  region size 1024K, 1 young (1024K), 1 survivors (1024K)
 Metaspace       used 14321K, capacity 14571K, committed 14848K, reserved 1062912K
  class space    used 1413K, capacity 1500K, committed 1536K, reserved 1048576K
}
Event: 3.869 GC heap before
{Heap before GC invocations=2 (full 0):
 garbage-first heap   total 262144K, used 33990K [0x0000000701200000, 0x0000000800000000)
  region size 1024K, 29 young (29696K), 1 survivors (1024K)
 Metaspace       used 20271K, capacity 20700K, committed 20992K, reserved 1067008K
  class space    used 2324K, capacity 2480K, committed 2560K, reserved 1048576K
}
Event: 3.876 GC heap after
{Heap after GC invocations=3 (full 0):
 garbage-first heap   total 262144K, used 6626K [0x0000000701200000, 0x0000000800000000)
  region size 1024K, 3 young (3072K), 3 survivors (3072K)
 Metaspace       used 20271K, capacity 20700K, committed 20992K, reserved 1067008K
  class space    used 2324K, capacity 2480K, committed 2560K, reserved 1048576K
}
Event: 3.976 GC heap before
{Heap before GC invocations=3 (full 0):
 garbage-first heap   total 262144K, used 8674K [0x0000000701200000, 0x0000000800000000)
  region size 1024K, 6 young (6144K), 3 survivors (3072K)
 Metaspace       used 20819K, capacity 21224K, committed 21248K, reserved 1069056K
  class space    used 2388K, capacity 2549K, committed 2560K, reserved 1048576K
}
Event: 3.983 GC heap after
{Heap after GC invocations=4 (full 0):
 garbage-first heap   total 262144K, used 6691K [0x0000000701200000, 0x0000000800000000)
  region size 1024K, 3 young (3072K), 3 survivors (3072K)
 Metaspace       used 20819K, capacity 21224K, committed 21248K, reserved 1069056K
  class space    used 2388K, capacity 2549K, committed 2560K, reserved 1048576K
}
Event: 6.176 GC heap before
{Heap before GC invocations=5 (full 0):
 garbage-first heap   total 262144K, used 54819K [0x0000000701200000, 0x0000000800000000)
  region size 1024K, 50 young (51200K), 3 survivors (3072K)
 Metaspace       used 29277K, capacity 29934K, committed 30076K, reserved 1075200K
  class space    used 3373K, capacity 3644K, committed 3712K, reserved 1048576K
}
Event: 6.187 GC heap after
{Heap after GC invocations=6 (full 0):
 garbage-first heap   total 262144K, used 9810K [0x0000000701200000, 0x0000000800000000)
  region size 1024K, 6 young (6144K), 6 survivors (6144K)
 Metaspace       used 29277K, capacity 29934K, committed 30076K, reserved 1075200K
  class space    used 3373K, capacity 3644K, committed 3712K, reserved 1048576K
}
Event: 8.847 GC heap before
{Heap before GC invocations=6 (full 0):
 garbage-first heap   total 262144K, used 57938K [0x0000000701200000, 0x0000000800000000)
  region size 1024K, 54 young (55296K), 6 survivors (6144K)
 Metaspace       used 35067K, capacity 35930K, committed 35964K, reserved 1081344K
  class space    used 4114K, capacity 4477K, committed 4480K, reserved 1048576K
}
Event: 8.866 GC heap after
{Heap after GC invocations=7 (full 0):
 garbage-first heap   total 262144K, used 13220K [0x0000000701200000, 0x0000000800000000)
  region size 1024K, 9 young (9216K), 9 survivors (9216K)
 Metaspace       used 35067K, capacity 35930K, committed 35964K, reserved 1081344K
  class space    used 4114K, capacity 4477K, committed 4480K, reserved 1048576K
}

Deoptimization events (10 events):
Event: 951.608 Thread 0x000001521ca3a800 Uncommon trap: reason=array_check action=maybe_recompile pc=0x0000015207afec3c method=java.util.AbstractCollection.toArray([Ljava/lang/Object;)[Ljava/lang/Object; @ 116 c2
Event: 951.608 Thread 0x000001521ca3a800 Uncommon trap: reason=array_check action=maybe_recompile pc=0x0000015207afec3c method=java.util.AbstractCollection.toArray([Ljava/lang/Object;)[Ljava/lang/Object; @ 116 c2
Event: 961.608 Thread 0x000001521ca3a800 Uncommon trap: reason=array_check action=maybe_recompile pc=0x0000015207afec3c method=java.util.AbstractCollection.toArray([Ljava/lang/Object;)[Ljava/lang/Object; @ 116 c2
Event: 1789.506 Thread 0x000001521e038000 Uncommon trap: reason=unstable_if action=reinterpret pc=0x0000015207b39c20 method=java.util.concurrent.locks.AbstractQueuedSynchronizer$ConditionObject.addConditionWaiter()Ljava/util/concurrent/locks/AbstractQueuedSynchronizer$Node; @ 33 c2
Event: 5394.083 Thread 0x000001521a91d000 Uncommon trap: reason=profile_predicate action=maybe_recompile pc=0x0000015207c0ea0c method=java.util.concurrent.ConcurrentHashMap$Traverser.advance()Ljava/util/concurrent/ConcurrentHashMap$Node; @ 15 c2
Event: 5395.083 Thread 0x000001521a91d000 Uncommon trap: reason=profile_predicate action=maybe_recompile pc=0x0000015207c0ea0c method=java.util.concurrent.ConcurrentHashMap$Traverser.advance()Ljava/util/concurrent/ConcurrentHashMap$Node; @ 15 c2
Event: 5396.084 Thread 0x000001521a91d000 Uncommon trap: reason=profile_predicate action=maybe_recompile pc=0x0000015207c0ea0c method=java.util.concurrent.ConcurrentHashMap$Traverser.advance()Ljava/util/concurrent/ConcurrentHashMap$Node; @ 15 c2
Event: 5397.084 Thread 0x000001521a91d000 Uncommon trap: reason=profile_predicate action=maybe_recompile pc=0x0000015207c0ea0c method=java.util.concurrent.ConcurrentHashMap$Traverser.advance()Ljava/util/concurrent/ConcurrentHashMap$Node; @ 15 c2
Event: 8313.005 Thread 0x000001521c792000 Uncommon trap: reason=unstable_if action=reinterpret pc=0x0000015207b1e0e4 method=java.util.concurrent.TimeUnit.convert(JLjava/util/concurrent/TimeUnit;)J @ 8 c2
Event: 8313.006 Thread 0x000001521c792000 Uncommon trap: reason=unstable_if action=reinterpret pc=0x0000015207af3968 method=java.lang.StringCoding.encodeUTF8(B[BZ)[B @ 18 c2

Classes redefined (0 events):
No events

Internal exceptions (10 events):
Event: 15.740 Thread 0x0000015275754000 Exception <a 'java/lang/NoSuchMethodError'{0x000000070c22b2c8}: java.lang.invoke.DirectMethodHandle$Holder.invokeInterface(Ljava/lang/Object;Ljava/lang/Object;Ljava/lang/Object;Ljava/lang/Object;)Ljava/lang/Object;> (0x000000070c22b2c8) thrown at [t:/work
Event: 15.825 Thread 0x0000015275754000 Exception <a 'java/lang/NoSuchMethodError'{0x000000070c1ed188}: java.lang.invoke.DirectMethodHandle$Holder.invokeInterface(Ljava/lang/Object;Ljava/lang/Object;Ljava/lang/Object;)Ljava/lang/Object;> (0x000000070c1ed188) thrown at [t:/workspace/open/src/hot
Event: 16.140 Thread 0x0000015275754000 Exception <a 'java/lang/NoSuchMethodError'{0x000000070b8871f0}: java.lang.invoke.DirectMethodHandle$Holder.invokeVirtual(Ljava/lang/Object;Ljava/lang/Object;I)V> (0x000000070b8871f0) thrown at [t:/workspace/open/src/hotspot/share/interpreter/linkResolver.
Event: 17.062 Thread 0x0000015275754000 Exception <a 'java/lang/NoSuchMethodError'{0x000000070a635a30}: java.lang.invoke.DirectMethodHandle$Holder.invokeSpecial(Ljava/lang/Object;Ljava/lang/Object;)V> (0x000000070a635a30) thrown at [t:/workspace/open/src/hotspot/share/interpreter/linkResolver.c
Event: 17.063 Thread 0x0000015275754000 Exception <a 'java/lang/NoSuchMethodError'{0x000000070a63b2c0}: java.lang.invoke.DirectMethodHandle$Holder.newInvokeSpecial(Ljava/lang/Object;I)Ljava/lang/Object;> (0x000000070a63b2c0) thrown at [t:/workspace/open/src/hotspot/share/interpreter/linkResolve
Event: 60.451 Thread 0x000001521db9f800 Implicit null exception at 0x0000015207bc81d0 to 0x0000015207bc81f4
Event: 5394.083 Thread 0x000001521a91d000 Implicit null exception at 0x0000015207c0e7be to 0x0000015207c0e9fa
Event: 5395.083 Thread 0x000001521a91d000 Implicit null exception at 0x0000015207c0e7be to 0x0000015207c0e9fa
Event: 5396.084 Thread 0x000001521a91d000 Implicit null exception at 0x0000015207c0e7be to 0x0000015207c0e9fa
Event: 5397.084 Thread 0x000001521a91d000 Implicit null exception at 0x0000015207c0e7be to 0x0000015207c0e9fa

Events (10 events):
Event: 10113.198 Thread 0x000001521e033800 Thread exited: 0x000001521e033800
Event: 10398.806 Thread 0x0000015219076000 flushing nmethod 0x0000015207af3610
Event: 10398.807 Thread 0x0000015219076000 flushing nmethod 0x0000015207b1de90
Event: 10398.811 Thread 0x0000015219076000 flushing nmethod 0x00000152007c6590
Event: 10398.814 Thread 0x0000015219076000 flushing nmethod 0x0000015200dce090
Event: 10421.070 Thread 0x0000015219076000 flushing nmethod 0x0000015201034f10
Event: 11628.931 Thread 0x0000015219076000 flushing nmethod 0x0000015200f36890
Event: 11628.931 Thread 0x0000015219076000 flushing nmethod 0x0000015200f37290
Event: 11651.767 Thread 0x0000015219076000 flushing nmethod 0x0000015200877b90
Event: 11651.776 Thread 0x0000015219076000 flushing nmethod 0x00000152011fad10


Dynamic libraries:
0x00007ff72cc60000 - 0x00007ff72cca7000 	C:\Java\jdk-11.0.1\bin\java.exe
0x00007ffe8acc0000 - 0x00007ffe8aea1000 	C:\WINDOWS\SYSTEM32\ntdll.dll
0x00007ffe89fa0000 - 0x00007ffe8a052000 	C:\WINDOWS\System32\KERNEL32.DLL
0x00007ffe87a10000 - 0x00007ffe87c83000 	C:\WINDOWS\System32\KERNELBASE.dll
0x00007ffe8a730000 - 0x00007ffe8a7d1000 	C:\WINDOWS\System32\ADVAPI32.dll
0x00007ffe89a80000 - 0x00007ffe89b1e000 	C:\WINDOWS\System32\msvcrt.dll
0x00007ffe88150000 - 0x00007ffe881ab000 	C:\WINDOWS\System32\sechost.dll
0x00007ffe89b20000 - 0x00007ffe89c44000 	C:\WINDOWS\System32\RPCRT4.dll
0x00007ffe88480000 - 0x00007ffe88610000 	C:\WINDOWS\System32\USER32.dll
0x00007ffe879f0000 - 0x00007ffe87a10000 	C:\WINDOWS\System32\win32u.dll
0x00007ffe89a50000 - 0x00007ffe89a78000 	C:\WINDOWS\System32\GDI32.dll
0x00007ffe87f00000 - 0x00007ffe88092000 	C:\WINDOWS\System32\gdi32full.dll
0x00007ffe87de0000 - 0x00007ffe87e7f000 	C:\WINDOWS\System32\msvcp_win.dll
0x00007ffe87ce0000 - 0x00007ffe87dd8000 	C:\WINDOWS\System32\ucrtbase.dll
0x00007ffe7c190000 - 0x00007ffe7c3f9000 	C:\WINDOWS\WinSxS\amd64_microsoft.windows.common-controls_6595b64144ccf1df_6.0.17134.648_none_fb45a0e93062a6d2\COMCTL32.dll
0x00007ffe7ee50000 - 0x00007ffe7ee5a000 	C:\WINDOWS\SYSTEM32\VERSION.dll
0x00007ffe8a840000 - 0x00007ffe8ab62000 	C:\WINDOWS\System32\combase.dll
0x00007ffe87e80000 - 0x00007ffe87efa000 	C:\WINDOWS\System32\bcryptPrimitives.dll
0x00007ffe89df0000 - 0x00007ffe89e1d000 	C:\WINDOWS\System32\IMM32.DLL
0x00007ffe7aee0000 - 0x00007ffe7aef6000 	C:\Java\jdk-11.0.1\bin\vcruntime140.dll
0x00007ffe6aa80000 - 0x00007ffe6ab2a000 	C:\Java\jdk-11.0.1\bin\msvcp140.dll
0x00007ffe55150000 - 0x00007ffe55c92000 	C:\Java\jdk-11.0.1\bin\server\jvm.dll
0x00007ffe8a710000 - 0x00007ffe8a718000 	C:\WINDOWS\System32\PSAPI.DLL
0x00007ffe84db0000 - 0x00007ffe84db9000 	C:\WINDOWS\SYSTEM32\WSOCK32.dll
0x00007ffe8ab70000 - 0x00007ffe8abdc000 	C:\WINDOWS\System32\WS2_32.dll
0x00007ffe84d00000 - 0x00007ffe84d23000 	C:\WINDOWS\SYSTEM32\WINMM.dll
0x00007ffe84cd0000 - 0x00007ffe84cfa000 	C:\WINDOWS\SYSTEM32\WINMMBASE.dll
0x00007ffe87c90000 - 0x00007ffe87cd9000 	C:\WINDOWS\System32\cfgmgr32.dll
0x00007ffe87070000 - 0x00007ffe87081000 	C:\WINDOWS\System32\kernel.appcore.dll
0x00007ffe71450000 - 0x00007ffe71461000 	C:\Java\jdk-11.0.1\bin\verify.dll
0x00007ffe72e20000 - 0x00007ffe72fe9000 	C:\WINDOWS\SYSTEM32\DBGHELP.DLL
0x00007ffe72df0000 - 0x00007ffe72e19000 	C:\WINDOWS\SYSTEM32\dbgcore.DLL
0x00007ffe702d0000 - 0x00007ffe702f9000 	C:\Java\jdk-11.0.1\bin\java.dll
0x00007ffe6f380000 - 0x00007ffe6f3af000 	C:\Java\jdk-11.0.1\bin\instrument.dll
0x00007ffe703b0000 - 0x00007ffe703c6000 	C:\Java\jdk-11.0.1\bin\zip.dll
0x00007ffe7a800000 - 0x00007ffe7a80a000 	C:\Java\jdk-11.0.1\bin\jimage.dll
0x00007ffe88610000 - 0x00007ffe89a50000 	C:\WINDOWS\System32\SHELL32.dll
0x00007ffe8abe0000 - 0x00007ffe8ac89000 	C:\WINDOWS\System32\shcore.dll
0x00007ffe870f0000 - 0x00007ffe877fd000 	C:\WINDOWS\System32\windows.storage.dll
0x00007ffe8a060000 - 0x00007ffe8a0b1000 	C:\WINDOWS\System32\shlwapi.dll
0x00007ffe87050000 - 0x00007ffe8706f000 	C:\WINDOWS\System32\profapi.dll
0x00007ffe86fd0000 - 0x00007ffe8701c000 	C:\WINDOWS\System32\powrprof.dll
0x00007ffe87020000 - 0x00007ffe8702a000 	C:\WINDOWS\System32\FLTLIB.DLL
0x00007ffe70000000 - 0x00007ffe70019000 	C:\Java\jdk-11.0.1\bin\net.dll
0x00007ffe7d0b0000 - 0x00007ffe7d18d000 	C:\WINDOWS\SYSTEM32\WINHTTP.dll
0x00007ffe86850000 - 0x00007ffe868b6000 	C:\WINDOWS\system32\mswsock.dll
0x00007ffe6f3e0000 - 0x00007ffe6f3f3000 	C:\Java\jdk-11.0.1\bin\nio.dll
0x00007ffe6c840000 - 0x00007ffe6c85a000 	C:\Program Files\JetBrains\IntelliJ IDEA Community Edition 2018.3.2\bin\breakgen64.dll
0x00007ffe73340000 - 0x00007ffe73349000 	C:\Java\jdk-11.0.1\bin\management.dll
0x00007ffe732f0000 - 0x00007ffe732fc000 	C:\Java\jdk-11.0.1\bin\management_ext.dll
0x00007ffe72210000 - 0x00007ffe72226000 	C:\WINDOWS\system32\napinsp.dll
0x00007ffe721f0000 - 0x00007ffe7220a000 	C:\WINDOWS\system32\pnrpnsp.dll
0x00007ffe83920000 - 0x00007ffe83939000 	C:\WINDOWS\system32\NLAapi.dll
0x00007ffe86610000 - 0x00007ffe866ce000 	C:\WINDOWS\SYSTEM32\DNSAPI.dll
0x00007ffe8a720000 - 0x00007ffe8a728000 	C:\WINDOWS\System32\NSI.dll
0x00007ffe865d0000 - 0x00007ffe86608000 	C:\WINDOWS\SYSTEM32\IPHLPAPI.DLL
0x00007ffe721e0000 - 0x00007ffe721ee000 	C:\WINDOWS\System32\winrnr.dll
0x00007ffe80e70000 - 0x00007ffe80e85000 	C:\WINDOWS\System32\wshbth.dll
0x00007ffe7c170000 - 0x00007ffe7c17a000 	C:\Windows\System32\rasadhlp.dll
0x00007ffe7d360000 - 0x00007ffe7d3d2000 	C:\WINDOWS\System32\fwpuclnt.dll
0x00007ffe86b30000 - 0x00007ffe86b55000 	C:\WINDOWS\SYSTEM32\bcrypt.dll
0x00007ffe86a00000 - 0x00007ffe86a17000 	C:\WINDOWS\SYSTEM32\CRYPTSP.dll
0x00007ffe86430000 - 0x00007ffe86463000 	C:\WINDOWS\system32\rsaenh.dll
0x00007ffe86ed0000 - 0x00007ffe86ef8000 	C:\WINDOWS\SYSTEM32\USERENV.dll
0x00007ffe86a20000 - 0x00007ffe86a2b000 	C:\WINDOWS\SYSTEM32\CRYPTBASE.dll
0x00007ffe7ddb0000 - 0x00007ffe7ddc6000 	C:\WINDOWS\SYSTEM32\dhcpcsvc6.DLL
0x00007ffe7e060000 - 0x00007ffe7e07a000 	C:\WINDOWS\SYSTEM32\dhcpcsvc.DLL

dbghelp: loaded successfully - version: 4.0.5 - missing functions: none
symbol engine: initialized successfully - sym options: 0x614 - pdb path: .;C:\Java\jdk-11.0.1\bin;C:\WINDOWS\SYSTEM32;C:\WINDOWS\WinSxS\amd64_microsoft.windows.common-controls_6595b64144ccf1df_6.0.17134.648_none_fb45a0e93062a6d2;C:\Java\jdk-11.0.1\bin\server;C:\Program Files\JetBrains\IntelliJ IDEA Community Edition 2018.3.2\bin

VM Arguments:
jvm_args: -javaagent:C:\Program Files\JetBrains\IntelliJ IDEA Community Edition 2018.3.2\lib\idea_rt.jar=56946:C:\Program Files\JetBrains\IntelliJ IDEA Community Edition 2018.3.2\bin -Dfile.encoding=UTF-8 
java_command: com.training360.cafebabeswebshop.CafebabeswebshopApplication
java_class_path (initial): D:\webshop\target\classes;C:\Users\Training\.m2\repository\org\springframework\boot\spring-boot-starter-web\2.1.3.RELEASE\spring-boot-starter-web-2.1.3.RELEASE.jar;C:\Users\Training\.m2\repository\org\springframework\boot\spring-boot-starter\2.1.3.RELEASE\spring-boot-starter-2.1.3.RELEASE.jar;C:\Users\Training\.m2\repository\org\springframework\boot\spring-boot\2.1.3.RELEASE\spring-boot-2.1.3.RELEASE.jar;C:\Users\Training\.m2\repository\org\springframework\boot\spring-boot-autoconfigure\2.1.3.RELEASE\spring-boot-autoconfigure-2.1.3.RELEASE.jar;C:\Users\Training\.m2\repository\org\springframework\boot\spring-boot-starter-logging\2.1.3.RELEASE\spring-boot-starter-logging-2.1.3.RELEASE.jar;C:\Users\Training\.m2\repository\ch\qos\logback\logback-classic\1.2.3\logback-classic-1.2.3.jar;C:\Users\Training\.m2\repository\ch\qos\logback\logback-core\1.2.3\logback-core-1.2.3.jar;C:\Users\Training\.m2\repository\org\apache\logging\log4j\log4j-to-slf4j\2.11.2\log4j-to-slf4j-2.11.2.jar;C:\Users\Training\.m2\repository\org\apache\logging\log4j\log4j-api\2.11.2\log4j-api-2.11.2.jar;C:\Users\Training\.m2\repository\org\slf4j\jul-to-slf4j\1.7.25\jul-to-slf4j-1.7.25.jar;C:\Users\Training\.m2\repository\javax\annotation\javax.annotation-api\1.3.2\javax.annotation-api-1.3.2.jar;C:\Users\Training\.m2\repository\org\yaml\snakeyaml\1.23\snakeyaml-1.23.jar;C:\Users\Training\.m2\repository\org\springframework\boot\spring-boot-starter-json\2.1.3.RELEASE\spring-boot-starter-json-2.1.3.RELEASE.jar;C:\Users\Training\.m2\repository\com\fasterxml\jackson\core\jackson-databind\2.9.8\jackson-databind-2.9.8.jar;C:\Users\Training\.m2\repository\com\fasterxml\jackson\core\jackson-annotations\2.9.0\jackson-annotations-2.9.0.jar;C:\Users\Training\.m2\repository\com\fasterxml\jackson\core\jackson-core\2.9.8\jackson-core-2.9.8.jar;C:\Users\Training\.m2\repository\com\fasterxml\jackson\datatype\jackson-datatype-jdk8\2.9.8\jackson-datatype-jdk8-2.9.8.jar;C:\Users\Training\.m2\re
Launcher Type: SUN_STANDARD

[Global flags]
     intx CICompilerCount                          = 3                                         {product} {ergonomic}
     uint ConcGCThreads                            = 1                                         {product} {ergonomic}
     uint G1ConcRefinementThreads                  = 4                                         {product} {ergonomic}
   size_t G1HeapRegionSize                         = 1048576                                   {product} {ergonomic}
    uintx GCDrainStackTargetSize                   = 64                                        {product} {ergonomic}
   size_t InitialHeapSize                          = 268435456                                 {product} {ergonomic}
   size_t MarkStackSize                            = 4194304                                   {product} {ergonomic}
   size_t MaxHeapSize                              = 4276092928                                {product} {ergonomic}
   size_t MaxNewSize                               = 2564816896                                {product} {ergonomic}
   size_t MinHeapDeltaBytes                        = 1048576                                   {product} {ergonomic}
    uintx NonNMethodCodeHeapSize                   = 5830092                                {pd product} {ergonomic}
    uintx NonProfiledCodeHeapSize                  = 122914074                              {pd product} {ergonomic}
    uintx ProfiledCodeHeapSize                     = 122914074                              {pd product} {ergonomic}
    uintx ReservedCodeCacheSize                    = 251658240                              {pd product} {ergonomic}
     bool SegmentedCodeCache                       = true                                      {product} {ergonomic}
     bool UseCompressedClassPointers               = true                                 {lp64_product} {ergonomic}
     bool UseCompressedOops                        = true                                 {lp64_product} {ergonomic}
     bool UseG1GC                                  = true                                      {product} {ergonomic}
     bool UseLargePagesIndividualAllocation        = false                                  {pd product} {ergonomic}

Logging:
Log output configuration:
 #0: stdout all=warning uptime,level,tags
 #1: stderr all=off uptime,level,tags

Environment Variables:
PATH=C:\WINDOWS\system32;C:\WINDOWS;C:\WINDOWS\System32\Wbem;C:\WINDOWS\System32\WindowsPowerShell\v1.0\;C:\WINDOWS\System32\OpenSSH\;C:\Program Files\Git\cmd;C:\Users\Training\AppData\Local\Microsoft\WindowsApps;;C:\Users\Training\AppData\Local\Programs\Microsoft VS Code\bin
USERNAME=Training
OS=Windows_NT
PROCESSOR_IDENTIFIER=Intel64 Family 6 Model 69 Stepping 1, GenuineIntel



---------------  S Y S T E M  ---------------

OS: Windows 10 , 64 bit Build 17134 (10.0.17134.648)

CPU:total 4 (initial active 4) (2 cores per cpu, 2 threads per core) family 6 model 69 stepping 1, cmov, cx8, fxsr, mmx, sse, sse2, sse3, ssse3, sse4.1, sse4.2, popcnt, avx, avx2, aes, clmul, erms, lzcnt, ht, tsc, tscinvbit, bmi1, bmi2, fma

Memory: 4k page, system-wide physical 16310M (9181M free)
TotalPageFile size 18742M (AvailPageFile size 8161M)
current process WorkingSet (physical memory assigned to process): 248M, peak: 276M
current process commit charge ("private bytes"): 415M, peak: 451M

vm_info: Java HotSpot(TM) 64-Bit Server VM (11.0.1+13-LTS) for windows-amd64 JRE (11.0.1+13-LTS), built on Oct  6 2018 13:20:16 by "mach5one" with MS VC++ 15.5 (VS2017)

END.
